2026-01-29 16:34:00,405 INFO HTTP Request: GET https://pypi.org/pypi/fastmcp/json "HTTP/1.1 200 OK"
2026-01-29 16:34:00,480 INFO Starting worker 'river-pc#2954' with the following tasks:
2026-01-29 16:34:00,480 INFO * trace(message: str, ...)
2026-01-29 16:34:00,480 INFO * fail(message: str, ...)
2026-01-29 16:34:00,480 INFO * sleep(seconds: float, ...)
2026-01-29 16:34:00,481 INFO StreamableHTTP session manager started
2026-01-29 16:34:05,618 INFO StreamableHTTP session manager shutting down
2026-01-29 16:37:30,292 INFO Starting worker 'river-pc#5892' with the following tasks:
2026-01-29 16:37:30,292 INFO * trace(message: str, ...)
2026-01-29 16:37:30,292 INFO * fail(message: str, ...)
2026-01-29 16:37:30,292 INFO * sleep(seconds: float, ...)
2026-01-29 16:37:30,293 INFO StreamableHTTP session manager started
2026-01-29 16:37:32,206 INFO StreamableHTTP session manager shutting down
2026-01-29 16:37:45,531 INFO Starting worker 'river-pc#6908' with the following tasks:
2026-01-29 16:37:45,532 INFO * trace(message: str, ...)
2026-01-29 16:37:45,532 INFO * fail(message: str, ...)
2026-01-29 16:37:45,532 INFO * sleep(seconds: float, ...)
2026-01-29 16:37:45,532 INFO StreamableHTTP session manager started
2026-01-29 16:37:46,641 INFO StreamableHTTP session manager shutting down
2026-01-29 16:39:53,383 INFO Starting worker 'river-pc#8054' with the following tasks:
2026-01-29 16:39:53,383 INFO * trace(message: str, ...)
2026-01-29 16:39:53,383 INFO * fail(message: str, ...)
2026-01-29 16:39:53,383 INFO * sleep(seconds: float, ...)
2026-01-29 16:39:53,384 INFO StreamableHTTP session manager started
2026-01-29 16:39:54,993 INFO StreamableHTTP session manager shutting down
